<?xml version="1.0" encoding="UTF-8"?>
<!-- Generated by org.testng.reporters.JUnitXMLReporter -->
<testsuite ignored="0" hostname="DESKTOP-Q9UA2S7" failures="1" tests="6" name="Test" time="91.335" errors="0" timestamp="2023-11-20T03:00:07 ALMT">
  <testcase classname="Tests.LogInTest" name="verifyLogIn" time="14.793"/>
  <testcase classname="Tests.HomePageTest" name="verifyHomePage" time="4.42"/>
  <testcase classname="Tests.AreaTest" name="verifyArea" time="26.444"/>
  <testcase classname="Tests.ContactTest" name="verifyContact" time="11.873"/>
  <testcase classname="Tests.PricingTest" name="verifyPricing" time="19.433"/>
  <testcase classname="Tests.RegisterTest" name="verifyRegisterTest" time="13.974">
    <failure type="org.openqa.selenium.ElementClickInterceptedException" message="element click intercepted: Element &amp;lt;textarea rows=&amp;quot;2&amp;quot; name=&amp;quot;address&amp;quot; placeholder=&amp;quot;Address of your Pick up Location&amp;quot; class=&amp;quot;form-control px-3 h-auto bg-transparent&amp;quot;&amp;gt;&amp;lt;/textarea&amp;gt; is not clickable at point (892, 469). Other element would receive the click: &amp;lt;iframe name=&amp;quot;f34280b9883cce&amp;quot; width=&amp;quot;1000px&amp;quot; height=&amp;quot;1000px&amp;quot; data-testid=&amp;quot;dialog_iframe&amp;quot; title=&amp;quot;&amp;quot; frameborder=&amp;quot;0&amp;quot; allowtransparency=&amp;quot;true&amp;quot; allowfullscreen=&amp;quot;true&amp;quot; scrolling=&amp;quot;no&amp;quot; allow=&amp;quot;encrypted-media&amp;quot; src=&amp;quot;https://www.facebook.com/v4.0/plugins/customerchat.php?app_id=&amp;amp;amp;attribution=setup_tool&amp;amp;amp;channel=https%3A%2F%2Fstaticxx.facebook.com%2Fx%2Fconnect%2Fxd_arbiter%2F%3Fversion%3D46%23cb%3Df1a0552153ac91%26domain%3Dnew.steadfast.com.bd%26is_canvas%3Dfalse%26origin%3Dhttps%253A%252F%252Fnew.steadfast.com.bd%252Ff5519ca08a99d4%26relation%3Dparent.parent&amp;amp;amp;container_width=1303&amp;amp;amp;current_url=https%3A%2F%2Fnew.steadfast.com.bd%2Fregister&amp;amp;amp;is_loaded_by_facade=true&amp;amp;amp;locale=en_US&amp;amp;amp;log_id=19bad70c-b271-4ba2-99da-b4bc425a1bab&amp;amp;amp;page_id=114049202349356&amp;amp;amp;request_time=1700427603252&amp;amp;amp;sdk=joey&amp;amp;amp;theme_color=%231dc68c&amp;quot; style=&amp;quot;padding: 0px; position: fixed; z-index: 2147483646; border-radius: 16px; top: auto; background: none; width: 399px; bottom: 84px; max-height: calc(100% - 84px); right: 16px; height: 445px; visibility: visible;&amp;quot; class=&amp;quot;&amp;quot;&amp;gt;&amp;lt;/iframe&amp;gt;
  (Session info: MicrosoftEdge=119.0.2151.72)
Build info: version: &amp;apos;4.12.1&amp;apos;, revision: &amp;apos;8e34639b11&amp;apos;
System info: os.name: &amp;apos;Windows 10&amp;apos;, os.arch: &amp;apos;amd64&amp;apos;, os.version: &amp;apos;10.0&amp;apos;, java.version: &amp;apos;20.0.1&amp;apos;
Driver info: org.openqa.selenium.edge.EdgeDriver
Command: [9160e98453afd5ee202dd659f0843caa, clickElement {id=49C45C66FC73CB3D7805B55F9DD9E09F_element_13}]
Capabilities {acceptInsecureCerts: false, browserName: msedge, browserVersion: 119.0.2151.72, fedcm:accounts: true, ms:edgeOptions: {debuggerAddress: localhost:10273}, msedge: {msedgedriverVersion: 119.0.2151.72 (e8225cce8e47..., userDataDir: C:\Users\Admin\AppData\Loca...}, networkConnectionEnabled: false, pageLoadStrategy: normal, platformName: windows, proxy: Proxy(), se:cdp: ws://localhost:10273/devtoo..., se:cdpVersion: 119.0.2151.72, setWindowRect: true, strictFileInteractability: false, timeouts: {implicit: 0, pageLoad: 300000, script: 30000}, unhandledPromptBehavior: dismiss and notify, webauthn:extension:credBlob: true, webauthn:extension:largeBlob: true, webauthn:extension:minPinLength: true, webauthn:extension:prf: true, webauthn:virtualAuthenticators: true}
Element: [[EdgeDriver: msedge on windows (9160e98453afd5ee202dd659f0843caa)] -&amp;gt; xpath: //*[@id=&amp;quot;app&amp;quot;]/div/div[1]/section/div/div/div/div[2]/div/div/form/div[3]/div/textarea]
Session ID: 9160e98453afd5ee202dd659f0843caa">
      <![CDATA[org.openqa.selenium.ElementClickInterceptedException: element click intercepted: Element <textarea rows="2" name="address" placeholder="Address of your Pick up Location" class="form-control px-3 h-auto bg-transparent"></textarea> is not clickable at point (892, 469). Other element would receive the click: <iframe name="f34280b9883cce" width="1000px" height="1000px" data-testid="dialog_iframe" title="" frameborder="0" allowtransparency="true" allowfullscreen="true" scrolling="no" allow="encrypted-media" src="https://www.facebook.com/v4.0/plugins/customerchat.php?app_id=&amp;attribution=setup_tool&amp;channel=https%3A%2F%2Fstaticxx.facebook.com%2Fx%2Fconnect%2Fxd_arbiter%2F%3Fversion%3D46%23cb%3Df1a0552153ac91%26domain%3Dnew.steadfast.com.bd%26is_canvas%3Dfalse%26origin%3Dhttps%253A%252F%252Fnew.steadfast.com.bd%252Ff5519ca08a99d4%26relation%3Dparent.parent&amp;container_width=1303&amp;current_url=https%3A%2F%2Fnew.steadfast.com.bd%2Fregister&amp;is_loaded_by_facade=true&amp;locale=en_US&amp;log_id=19bad70c-b271-4ba2-99da-b4bc425a1bab&amp;page_id=114049202349356&amp;request_time=1700427603252&amp;sdk=joey&amp;theme_color=%231dc68c" style="padding: 0px; position: fixed; z-index: 2147483646; border-radius: 16px; top: auto; background: none; width: 399px; bottom: 84px; max-height: calc(100% - 84px); right: 16px; height: 445px; visibility: visible;" class=""></iframe>
  (Session info: MicrosoftEdge=119.0.2151.72)
Build info: version: '4.12.1', revision: '8e34639b11'
System info: os.name: 'Windows 10', os.arch: 'amd64', os.version: '10.0', java.version: '20.0.1'
Driver info: org.openqa.selenium.edge.EdgeDriver
Command: [9160e98453afd5ee202dd659f0843caa, clickElement {id=49C45C66FC73CB3D7805B55F9DD9E09F_element_13}]
Capabilities {acceptInsecureCerts: false, browserName: msedge, browserVersion: 119.0.2151.72, fedcm:accounts: true, ms:edgeOptions: {debuggerAddress: localhost:10273}, msedge: {msedgedriverVersion: 119.0.2151.72 (e8225cce8e47..., userDataDir: C:\Users\Admin\AppData\Loca...}, networkConnectionEnabled: false, pageLoadStrategy: normal, platformName: windows, proxy: Proxy(), se:cdp: ws://localhost:10273/devtoo..., se:cdpVersion: 119.0.2151.72, setWindowRect: true, strictFileInteractability: false, timeouts: {implicit: 0, pageLoad: 300000, script: 30000}, unhandledPromptBehavior: dismiss and notify, webauthn:extension:credBlob: true, webauthn:extension:largeBlob: true, webauthn:extension:minPinLength: true, webauthn:extension:prf: true, webauthn:virtualAuthenticators: true}
Element: [[EdgeDriver: msedge on windows (9160e98453afd5ee202dd659f0843caa)] -> xpath: //*[@id="app"]/div/div[1]/section/div/div/div/div[2]/div/div/form/div[3]/div/textarea]
Session ID: 9160e98453afd5ee202dd659f0843caa
at org.openqa.selenium.remote.codec.w3c.W3CHttpResponseCodec.createException(W3CHttpResponseCodec.java:200)
at org.openqa.selenium.remote.codec.w3c.W3CHttpResponseCodec.decode(W3CHttpResponseCodec.java:133)
at org.openqa.selenium.remote.codec.w3c.W3CHttpResponseCodec.decode(W3CHttpResponseCodec.java:52)
at org.openqa.selenium.remote.HttpCommandExecutor.execute(HttpCommandExecutor.java:191)
at org.openqa.selenium.remote.service.DriverCommandExecutor.invokeExecute(DriverCommandExecutor.java:196)
at org.openqa.selenium.remote.service.DriverCommandExecutor.execute(DriverCommandExecutor.java:171)
at org.openqa.selenium.remote.RemoteWebDriver.execute(RemoteWebDriver.java:602)
at org.openqa.selenium.remote.RemoteWebElement.execute(RemoteWebElement.java:224)
at org.openqa.selenium.remote.RemoteWebElement.click(RemoteWebElement.java:77)
at PageObjects.Register.Location(Register.java:56)
at Tests.RegisterTest.verifyRegisterTest(RegisterTest.java:35)
at java.base/java.util.ArrayList.forEach(ArrayList.java:1511)
... Removed 28 stack frames]]>
    </failure>
  </testcase> <!-- verifyRegisterTest -->
</testsuite> <!-- Test -->
