<?xml version="1.0" encoding="UTF-8"?>
<testng-results ignored="0" total="6" passed="5" failed="1" skipped="0">
  <reporter-output>
  </reporter-output>
  <suite started-at="2023-11-20T02:58:36 ALMT" name="Suite" finished-at="2023-11-20T03:00:07 ALMT" duration-ms="91335">
    <groups>
    </groups>
    <test started-at="2023-11-20T02:58:36 ALMT" name="Test" finished-at="2023-11-20T03:00:07 ALMT" duration-ms="91335">
      <class name="Tests.RegisterTest">
        <test-method is-config="true" signature="StartBrowser()[pri:0, instance:Tests.RegisterTest@7dfd3c81]" started-at="2023-11-20T02:58:32 ALMT" name="StartBrowser" finished-at="2023-11-20T02:58:36 ALMT" duration-ms="4305" status="PASS">
          <reporter-output>
          </reporter-output>
        </test-method> <!-- StartBrowser -->
        <test-method signature="verifyRegisterTest()[pri:0, instance:Tests.RegisterTest@7dfd3c81]" started-at="2023-11-20T02:59:53 ALMT" name="verifyRegisterTest" finished-at="2023-11-20T03:00:07 ALMT" duration-ms="13974" status="FAIL">
          <exception class="org.openqa.selenium.ElementClickInterceptedException">
            <message>
              <![CDATA[element click intercepted: Element <textarea rows="2" name="address" placeholder="Address of your Pick up Location" class="form-control px-3 h-auto bg-transparent"></textarea> is not clickable at point (892, 469). Other element would receive the click: <iframe name="f34280b9883cce" width="1000px" height="1000px" data-testid="dialog_iframe" title="" frameborder="0" allowtransparency="true" allowfullscreen="true" scrolling="no" allow="encrypted-media" src="https://www.facebook.com/v4.0/plugins/customerchat.php?app_id=&amp;attribution=setup_tool&amp;channel=https%3A%2F%2Fstaticxx.facebook.com%2Fx%2Fconnect%2Fxd_arbiter%2F%3Fversion%3D46%23cb%3Df1a0552153ac91%26domain%3Dnew.steadfast.com.bd%26is_canvas%3Dfalse%26origin%3Dhttps%253A%252F%252Fnew.steadfast.com.bd%252Ff5519ca08a99d4%26relation%3Dparent.parent&amp;container_width=1303&amp;current_url=https%3A%2F%2Fnew.steadfast.com.bd%2Fregister&amp;is_loaded_by_facade=true&amp;locale=en_US&amp;log_id=19bad70c-b271-4ba2-99da-b4bc425a1bab&amp;page_id=114049202349356&amp;request_time=1700427603252&amp;sdk=joey&amp;theme_color=%231dc68c" style="padding: 0px; position: fixed; z-index: 2147483646; border-radius: 16px; top: auto; background: none; width: 399px; bottom: 84px; max-height: calc(100% - 84px); right: 16px; height: 445px; visibility: visible;" class=""></iframe>
  (Session info: MicrosoftEdge=119.0.2151.72)
Build info: version: '4.12.1', revision: '8e34639b11'
System info: os.name: 'Windows 10', os.arch: 'amd64', os.version: '10.0', java.version: '20.0.1'
Driver info: org.openqa.selenium.edge.EdgeDriver
Command: [9160e98453afd5ee202dd659f0843caa, clickElement {id=49C45C66FC73CB3D7805B55F9DD9E09F_element_13}]
Capabilities {acceptInsecureCerts: false, browserName: msedge, browserVersion: 119.0.2151.72, fedcm:accounts: true, ms:edgeOptions: {debuggerAddress: localhost:10273}, msedge: {msedgedriverVersion: 119.0.2151.72 (e8225cce8e47..., userDataDir: C:\Users\Admin\AppData\Loca...}, networkConnectionEnabled: false, pageLoadStrategy: normal, platformName: windows, proxy: Proxy(), se:cdp: ws://localhost:10273/devtoo..., se:cdpVersion: 119.0.2151.72, setWindowRect: true, strictFileInteractability: false, timeouts: {implicit: 0, pageLoad: 300000, script: 30000}, unhandledPromptBehavior: dismiss and notify, webauthn:extension:credBlob: true, webauthn:extension:largeBlob: true, webauthn:extension:minPinLength: true, webauthn:extension:prf: true, webauthn:virtualAuthenticators: true}
Element: [[EdgeDriver: msedge on windows (9160e98453afd5ee202dd659f0843caa)] -> xpath: //*[@id="app"]/div/div[1]/section/div/div/div/div[2]/div/div/form/div[3]/div/textarea]
Session ID: 9160e98453afd5ee202dd659f0843caa]]>
            </message>
            <full-stacktrace>
              <![CDATA[org.openqa.selenium.ElementClickInterceptedException: element click intercepted: Element <textarea rows="2" name="address" placeholder="Address of your Pick up Location" class="form-control px-3 h-auto bg-transparent"></textarea> is not clickable at point (892, 469). Other element would receive the click: <iframe name="f34280b9883cce" width="1000px" height="1000px" data-testid="dialog_iframe" title="" frameborder="0" allowtransparency="true" allowfullscreen="true" scrolling="no" allow="encrypted-media" src="https://www.facebook.com/v4.0/plugins/customerchat.php?app_id=&amp;attribution=setup_tool&amp;channel=https%3A%2F%2Fstaticxx.facebook.com%2Fx%2Fconnect%2Fxd_arbiter%2F%3Fversion%3D46%23cb%3Df1a0552153ac91%26domain%3Dnew.steadfast.com.bd%26is_canvas%3Dfalse%26origin%3Dhttps%253A%252F%252Fnew.steadfast.com.bd%252Ff5519ca08a99d4%26relation%3Dparent.parent&amp;container_width=1303&amp;current_url=https%3A%2F%2Fnew.steadfast.com.bd%2Fregister&amp;is_loaded_by_facade=true&amp;locale=en_US&amp;log_id=19bad70c-b271-4ba2-99da-b4bc425a1bab&amp;page_id=114049202349356&amp;request_time=1700427603252&amp;sdk=joey&amp;theme_color=%231dc68c" style="padding: 0px; position: fixed; z-index: 2147483646; border-radius: 16px; top: auto; background: none; width: 399px; bottom: 84px; max-height: calc(100% - 84px); right: 16px; height: 445px; visibility: visible;" class=""></iframe>
  (Session info: MicrosoftEdge=119.0.2151.72)
Build info: version: '4.12.1', revision: '8e34639b11'
System info: os.name: 'Windows 10', os.arch: 'amd64', os.version: '10.0', java.version: '20.0.1'
Driver info: org.openqa.selenium.edge.EdgeDriver
Command: [9160e98453afd5ee202dd659f0843caa, clickElement {id=49C45C66FC73CB3D7805B55F9DD9E09F_element_13}]
Capabilities {acceptInsecureCerts: false, browserName: msedge, browserVersion: 119.0.2151.72, fedcm:accounts: true, ms:edgeOptions: {debuggerAddress: localhost:10273}, msedge: {msedgedriverVersion: 119.0.2151.72 (e8225cce8e47..., userDataDir: C:\Users\Admin\AppData\Loca...}, networkConnectionEnabled: false, pageLoadStrategy: normal, platformName: windows, proxy: Proxy(), se:cdp: ws://localhost:10273/devtoo..., se:cdpVersion: 119.0.2151.72, setWindowRect: true, strictFileInteractability: false, timeouts: {implicit: 0, pageLoad: 300000, script: 30000}, unhandledPromptBehavior: dismiss and notify, webauthn:extension:credBlob: true, webauthn:extension:largeBlob: true, webauthn:extension:minPinLength: true, webauthn:extension:prf: true, webauthn:virtualAuthenticators: true}
Element: [[EdgeDriver: msedge on windows (9160e98453afd5ee202dd659f0843caa)] -> xpath: //*[@id="app"]/div/div[1]/section/div/div/div/div[2]/div/div/form/div[3]/div/textarea]
Session ID: 9160e98453afd5ee202dd659f0843caa
at java.base/jdk.internal.reflect.DirectConstructorHandleAccessor.newInstance(DirectConstructorHandleAccessor.java:67)
at java.base/java.lang.reflect.Constructor.newInstanceWithCaller(Constructor.java:500)
at java.base/java.lang.reflect.Constructor.newInstance(Constructor.java:484)
at org.openqa.selenium.remote.codec.w3c.W3CHttpResponseCodec.createException(W3CHttpResponseCodec.java:200)
at org.openqa.selenium.remote.codec.w3c.W3CHttpResponseCodec.decode(W3CHttpResponseCodec.java:133)
at org.openqa.selenium.remote.codec.w3c.W3CHttpResponseCodec.decode(W3CHttpResponseCodec.java:52)
at org.openqa.selenium.remote.HttpCommandExecutor.execute(HttpCommandExecutor.java:191)
at org.openqa.selenium.remote.service.DriverCommandExecutor.invokeExecute(DriverCommandExecutor.java:196)
at org.openqa.selenium.remote.service.DriverCommandExecutor.execute(DriverCommandExecutor.java:171)
at org.openqa.selenium.remote.RemoteWebDriver.execute(RemoteWebDriver.java:602)
at org.openqa.selenium.remote.RemoteWebElement.execute(RemoteWebElement.java:224)
at org.openqa.selenium.remote.RemoteWebElement.click(RemoteWebElement.java:77)
at PageObjects.Register.Location(Register.java:56)
at Tests.RegisterTest.verifyRegisterTest(RegisterTest.java:35)
at java.base/jdk.internal.reflect.DirectMethodHandleAccessor.invoke(DirectMethodHandleAccessor.java:104)
at java.base/java.lang.reflect.Method.invoke(Method.java:578)
at org.testng.internal.invokers.MethodInvocationHelper.invokeMethod(MethodInvocationHelper.java:139)
at org.testng.internal.invokers.TestInvoker.invokeMethod(TestInvoker.java:664)
at org.testng.internal.invokers.TestInvoker.invokeTestMethod(TestInvoker.java:227)
at org.testng.internal.invokers.MethodRunner.runInSequence(MethodRunner.java:50)
at org.testng.internal.invokers.TestInvoker$MethodInvocationAgent.invoke(TestInvoker.java:957)
at org.testng.internal.invokers.TestInvoker.invokeTestMethods(TestInvoker.java:200)
at org.testng.internal.invokers.TestMethodWorker.invokeTestMethods(TestMethodWorker.java:148)
at org.testng.internal.invokers.TestMethodWorker.run(TestMethodWorker.java:128)
at java.base/java.util.ArrayList.forEach(ArrayList.java:1511)
at org.testng.TestRunner.privateRun(TestRunner.java:848)
at org.testng.TestRunner.run(TestRunner.java:621)
at org.testng.SuiteRunner.runTest(SuiteRunner.java:443)
at org.testng.SuiteRunner.runSequentially(SuiteRunner.java:437)
at org.testng.SuiteRunner.privateRun(SuiteRunner.java:397)
at org.testng.SuiteRunner.run(SuiteRunner.java:336)
at org.testng.SuiteRunnerWorker.runSuite(SuiteRunnerWorker.java:52)
at org.testng.SuiteRunnerWorker.run(SuiteRunnerWorker.java:95)
at org.testng.TestNG.runSuitesSequentially(TestNG.java:1280)
at org.testng.TestNG.runSuitesLocally(TestNG.java:1200)
at org.testng.TestNG.runSuites(TestNG.java:1114)
at org.testng.TestNG.run(TestNG.java:1082)
at org.testng.remote.AbstractRemoteTestNG.run(AbstractRemoteTestNG.java:115)
at org.testng.remote.RemoteTestNG.initAndRun(RemoteTestNG.java:251)
at org.testng.remote.RemoteTestNG.main(RemoteTestNG.java:77)
]]>
            </full-stacktrace>
          </exception> <!-- org.openqa.selenium.ElementClickInterceptedException -->
          <reporter-output>
          </reporter-output>
        </test-method> <!-- verifyRegisterTest -->
        <test-method is-config="true" signature="CloseBrowser()[pri:0, instance:Tests.RegisterTest@7dfd3c81]" started-at="2023-11-20T03:00:10 ALMT" name="CloseBrowser" finished-at="2023-11-20T03:00:11 ALMT" duration-ms="460" status="PASS">
          <reporter-output>
          </reporter-output>
        </test-method> <!-- CloseBrowser -->
      </class> <!-- Tests.RegisterTest -->
      <class name="Tests.PricingTest">
        <test-method is-config="true" signature="StartBrowser()[pri:0, instance:Tests.PricingTest@6a4f1a55]" started-at="2023-11-20T02:58:28 ALMT" name="StartBrowser" finished-at="2023-11-20T02:58:32 ALMT" duration-ms="4076" status="PASS">
          <reporter-output>
          </reporter-output>
        </test-method> <!-- StartBrowser -->
        <test-method signature="verifyPricing()[pri:0, instance:Tests.PricingTest@6a4f1a55]" started-at="2023-11-20T02:59:34 ALMT" name="verifyPricing" finished-at="2023-11-20T02:59:53 ALMT" duration-ms="19433" status="PASS">
          <reporter-output>
          </reporter-output>
        </test-method> <!-- verifyPricing -->
        <test-method is-config="true" signature="CloseBrowser()[pri:0, instance:Tests.PricingTest@6a4f1a55]" started-at="2023-11-20T03:00:10 ALMT" name="CloseBrowser" finished-at="2023-11-20T03:00:10 ALMT" duration-ms="462" status="PASS">
          <reporter-output>
          </reporter-output>
        </test-method> <!-- CloseBrowser -->
      </class> <!-- Tests.PricingTest -->
      <class name="Tests.AreaTest">
        <test-method is-config="true" signature="StartBrowser()[pri:0, instance:Tests.AreaTest@7fb4f2a9]" started-at="2023-11-20T02:58:08 ALMT" name="StartBrowser" finished-at="2023-11-20T02:58:15 ALMT" duration-ms="6889" status="PASS">
          <reporter-output>
          </reporter-output>
        </test-method> <!-- StartBrowser -->
        <test-method signature="verifyArea()[pri:0, instance:Tests.AreaTest@7fb4f2a9]" started-at="2023-11-20T02:58:55 ALMT" name="verifyArea" finished-at="2023-11-20T02:59:22 ALMT" duration-ms="26444" status="PASS">
          <reporter-output>
          </reporter-output>
        </test-method> <!-- verifyArea -->
        <test-method is-config="true" signature="CloseBrowser()[pri:0, instance:Tests.AreaTest@7fb4f2a9]" started-at="2023-11-20T03:00:07 ALMT" name="CloseBrowser" finished-at="2023-11-20T03:00:08 ALMT" duration-ms="630" status="PASS">
          <reporter-output>
          </reporter-output>
        </test-method> <!-- CloseBrowser -->
      </class> <!-- Tests.AreaTest -->
      <class name="Tests.HomePageTest">
        <test-method is-config="true" signature="StartBrowser()[pri:0, instance:Tests.HomePageTest@1b919693]" started-at="2023-11-20T02:58:19 ALMT" name="StartBrowser" finished-at="2023-11-20T02:58:23 ALMT" duration-ms="4088" status="PASS">
          <reporter-output>
          </reporter-output>
        </test-method> <!-- StartBrowser -->
        <test-method signature="verifyHomePage()[pri:0, instance:Tests.HomePageTest@1b919693]" started-at="2023-11-20T02:58:51 ALMT" name="verifyHomePage" finished-at="2023-11-20T02:58:55 ALMT" duration-ms="4420" status="PASS">
          <reporter-output>
          </reporter-output>
        </test-method> <!-- verifyHomePage -->
        <test-method is-config="true" signature="CloseBrowser()[pri:0, instance:Tests.HomePageTest@1b919693]" started-at="2023-11-20T03:00:09 ALMT" name="CloseBrowser" finished-at="2023-11-20T03:00:09 ALMT" duration-ms="472" status="PASS">
          <reporter-output>
          </reporter-output>
        </test-method> <!-- CloseBrowser -->
      </class> <!-- Tests.HomePageTest -->
      <class name="Tests.LogInTest">
        <test-method is-config="true" signature="StartBrowser()[pri:0, instance:Tests.LogInTest@7eecb5b8]" started-at="2023-11-20T02:58:23 ALMT" name="StartBrowser" finished-at="2023-11-20T02:58:28 ALMT" duration-ms="4273" status="PASS">
          <reporter-output>
          </reporter-output>
        </test-method> <!-- StartBrowser -->
        <test-method signature="verifyLogIn()[pri:0, instance:Tests.LogInTest@7eecb5b8]" started-at="2023-11-20T02:58:36 ALMT" name="verifyLogIn" finished-at="2023-11-20T02:58:51 ALMT" duration-ms="14793" status="PASS">
          <reporter-output>
          </reporter-output>
        </test-method> <!-- verifyLogIn -->
        <test-method is-config="true" signature="CloseBrowser()[pri:0, instance:Tests.LogInTest@7eecb5b8]" started-at="2023-11-20T03:00:09 ALMT" name="CloseBrowser" finished-at="2023-11-20T03:00:10 ALMT" duration-ms="442" status="PASS">
          <reporter-output>
          </reporter-output>
        </test-method> <!-- CloseBrowser -->
      </class> <!-- Tests.LogInTest -->
      <class name="Tests.ContactTest">
        <test-method is-config="true" signature="StartBrowser()[pri:0, instance:Tests.ContactTest@4dc27487]" started-at="2023-11-20T02:58:15 ALMT" name="StartBrowser" finished-at="2023-11-20T02:58:19 ALMT" duration-ms="4049" status="PASS">
          <reporter-output>
          </reporter-output>
        </test-method> <!-- StartBrowser -->
        <test-method signature="verifyContact()[pri:0, instance:Tests.ContactTest@4dc27487]" started-at="2023-11-20T02:59:22 ALMT" name="verifyContact" finished-at="2023-11-20T02:59:34 ALMT" duration-ms="11873" status="PASS">
          <reporter-output>
          </reporter-output>
        </test-method> <!-- verifyContact -->
        <test-method is-config="true" signature="CloseBrowser()[pri:0, instance:Tests.ContactTest@4dc27487]" started-at="2023-11-20T03:00:08 ALMT" name="CloseBrowser" finished-at="2023-11-20T03:00:09 ALMT" duration-ms="588" status="PASS">
          <reporter-output>
          </reporter-output>
        </test-method> <!-- CloseBrowser -->
      </class> <!-- Tests.ContactTest -->
    </test> <!-- Test -->
  </suite> <!-- Suite -->
</testng-results>
