<?xml version="1.0" encoding="UTF-8"?>
<testng-results ignored="0" total="1" passed="1" failed="0" skipped="0">
  <reporter-output>
  </reporter-output>
  <suite started-at="2023-11-21T00:45:01 ALMT" name="Default suite" finished-at="2023-11-21T00:45:06 ALMT" duration-ms="5257">
    <groups>
    </groups>
    <test started-at="2023-11-21T00:45:01 ALMT" name="Default test" finished-at="2023-11-21T00:45:06 ALMT" duration-ms="5257">
      <class name="Tests.HomePageTest">
        <test-method is-config="true" signature="StartBrowser()[pri:0, instance:Tests.HomePageTest@5340477f]" started-at="2023-11-21T00:44:53 ALMT" name="StartBrowser" finished-at="2023-11-21T00:45:01 ALMT" duration-ms="7806" status="PASS">
          <reporter-output>
          </reporter-output>
        </test-method> <!-- StartBrowser -->
        <test-method signature="verifyHomePage()[pri:0, instance:Tests.HomePageTest@5340477f]" started-at="2023-11-21T00:45:01 ALMT" name="verifyHomePage" finished-at="2023-11-21T00:45:06 ALMT" duration-ms="4945" status="PASS">
          <reporter-output>
          </reporter-output>
        </test-method> <!-- verifyHomePage -->
        <test-method is-config="true" signature="CloseBrowser()[pri:0, instance:Tests.HomePageTest@5340477f]" started-at="2023-11-21T00:45:06 ALMT" name="CloseBrowser" finished-at="2023-11-21T00:45:07 ALMT" duration-ms="648" status="PASS">
          <reporter-output>
          </reporter-output>
        </test-method> <!-- CloseBrowser -->
      </class> <!-- Tests.HomePageTest -->
    </test> <!-- Default test -->
  </suite> <!-- Default suite -->
</testng-results>
